# JRE version: OpenJDK Runtime Environment GraalVM CE 22.3.0 (17.0.5+8) (build 17.0.5+8-jvmci-22.3-b08)
# Java VM: OpenJDK 64-Bit Server VM GraalVM CE 22.3.0 (17.0.5+8-jvmci-22.3-b08, mixed mode, sharing, tiered, jvmci, jvmci compiler, compressed oops, compressed class ptrs, parallel gc, linux-amd64)
GC Precious Log:
 CPUs: 8 total, 1 available
 Memory: 1024M
 Large Page Support: Disabled
 NUMA Support: Disabled
 Compressed Oops: Enabled (32-bit)
 Alignments: Space 512K, Generation 512K, Heap 2M
 Heap Min Capacity: 100M
 Heap Initial Capacity: 100M
 Heap Max Capacity: 512M
 Pre-touch: Disabled
 Parallel Workers: 1
Heap:
 PSYoungGen      total 47104K, used 34303K [0x00000000f5580000, 0x00000000f9280000, 0x0000000100000000)
  eden space 34304K, 99% used [0x00000000f5580000,0x00000000f76ffff8,0x00000000f7700000)
  from space 12800K, 0% used [0x00000000f7700000,0x00000000f7700000,0x00000000f8380000)
  to   space 12800K, 0% used [0x00000000f8400000,0x00000000f8400000,0x00000000f9080000)
 ParOldGen       total 349696K, used 349695K [0x00000000e0000000, 0x00000000f5580000, 0x00000000f5580000)
  object space 349696K, 99% used [0x00000000e0000000,0x00000000f557fd40,0x00000000f5580000)
 Metaspace       used 52085K, committed 52992K, reserved 1097728K
  class space    used 5201K, committed 5568K, reserved 1048576K
GC Heap History (20 events):
Event: 1142.900 GC heap before
{Heap before GC invocations=654 (full 547):
 PSYoungGen      total 47104K, used 34303K [0x00000000f5580000, 0x00000000f9280000, 0x0000000100000000)
  eden space 34304K, 99% used [0x00000000f5580000,0x00000000f76ffff8,0x00000000f7700000)
  from space 12800K, 0% used [0x00000000f7700000,0x00000000f7700000,0x00000000f8380000)
  to   space 12800K, 0% used [0x00000000f8400000,0x00000000f8400000,0x00000000f9080000)
 ParOldGen       total 349696K, used 349695K [0x00000000e0000000, 0x00000000f5580000, 0x00000000f5580000)
  object space 349696K, 99% used [0x00000000e0000000,0x00000000f557fd38,0x00000000f5580000)
 Metaspace       used 52085K, committed 52992K, reserved 1097728K
  class space    used 5201K, committed 5568K, reserved 1048576K
}
Event: 1144.820 GC heap after
{Heap after GC invocations=654 (full 547):
 PSYoungGen      total 47104K, used 34303K [0x00000000f5580000, 0x00000000f9280000, 0x0000000100000000)
  eden space 34304K, 99% used [0x00000000f5580000,0x00000000f76ffff8,0x00000000f7700000)
  from space 12800K, 0% used [0x00000000f8400000,0x00000000f8400000,0x00000000f9080000)
  to   space 12800K, 0% used [0x00000000f7700000,0x00000000f7700000,0x00000000f8380000)
 ParOldGen       total 349696K, used 349695K [0x00000000e0000000, 0x00000000f5580000, 0x00000000f5580000)
  object space 349696K, 99% used [0x00000000e0000000,0x00000000f557fc30,0x00000000f5580000)
 Metaspace       used 52085K, committed 52992K, reserved 1097728K
  class space    used 5201K, committed 5568K, reserved 1048576K
}
Event: 1144.820 GC heap before
{Heap before GC invocations=655 (full 548):
 PSYoungGen      total 47104K, used 34303K [0x00000000f5580000, 0x00000000f9280000, 0x0000000100000000)
  eden space 34304K, 99% used [0x00000000f5580000,0x00000000f76ffff8,0x00000000f7700000)
  from space 12800K, 0% used [0x00000000f8400000,0x00000000f8400000,0x00000000f9080000)
  to   space 12800K, 0% used [0x00000000f7700000,0x00000000f7700000,0x00000000f8380000)
 ParOldGen       total 349696K, used 349695K [0x00000000e0000000, 0x00000000f5580000, 0x00000000f5580000)
  object space 349696K, 99% used [0x00000000e0000000,0x00000000f557fff8,0x00000000f5580000)
 Metaspace       used 52085K, committed 52992K, reserved 1097728K
  class space    used 5201K, committed 5568K, reserved 1048576K
}
Event: 1146.827 GC heap after
{Heap after GC invocations=655 (full 548):
 PSYoungGen      total 47104K, used 34303K [0x00000000f5580000, 0x00000000f9280000, 0x0000000100000000)
  eden space 34304K, 99% used [0x00000000f5580000,0x00000000f76ffff8,0x00000000f7700000)
  from space 12800K, 0% used [0x00000000f7700000,0x00000000f7700000,0x00000000f8380000)
  to   space 12800K, 0% used [0x00000000f8400000,0x00000000f8400000,0x00000000f9080000)
 ParOldGen       total 349696K, used 349695K [0x00000000e0000000, 0x00000000f5580000, 0x00000000f5580000)
  object space 349696K, 99% used [0x00000000e0000000,0x00000000f557fe40,0x00000000f5580000)
 Metaspace       used 52085K, committed 52992K, reserved 1097728K
  class space    used 5201K, committed 5568K, reserved 1048576K
}
Event: 1146.827 GC heap before
{Heap before GC invocations=656 (full 549):
 PSYoungGen      total 47104K, used 34303K [0x00000000f5580000, 0x00000000f9280000, 0x0000000100000000)
  eden space 34304K, 99% used [0x00000000f5580000,0x00000000f76ffff8,0x00000000f7700000)
  from space 12800K, 0% used [0x00000000f7700000,0x00000000f7700000,0x00000000f8380000)
  to   space 12800K, 0% used [0x00000000f8400000,0x00000000f8400000,0x00000000f9080000)
 ParOldGen       total 349696K, used 349695K [0x00000000e0000000, 0x00000000f5580000, 0x00000000f5580000)
  object space 349696K, 99% used [0x00000000e0000000,0x00000000f557fff0,0x00000000f5580000)
 Metaspace       used 52085K, committed 52992K, reserved 1097728K
  class space    used 5201K, committed 5568K, reserved 1048576K
}
Event: 1148.782 GC heap after
{Heap after GC invocations=656 (full 549):
 PSYoungGen      total 47104K, used 34303K [0x00000000f5580000, 0x00000000f9280000, 0x0000000100000000)
  eden space 34304K, 99% used [0x00000000f5580000,0x00000000f76fffc8,0x00000000f7700000)
  from space 12800K, 0% used [0x00000000f8400000,0x00000000f8400000,0x00000000f9080000)
  to   space 12800K, 0% used [0x00000000f7700000,0x00000000f7700000,0x00000000f8380000)
 ParOldGen       total 349696K, used 349695K [0x00000000e0000000, 0x00000000f5580000, 0x00000000f5580000)
  object space 349696K, 99% used [0x00000000e0000000,0x00000000f557ffc0,0x00000000f5580000)
 Metaspace       used 52085K, committed 52992K, reserved 1097728K
  class space    used 5201K, committed 5568K, reserved 1048576K
}
Event: 1148.782 GC heap before
{Heap before GC invocations=657 (full 550):
 PSYoungGen      total 47104K, used 34303K [0x00000000f5580000, 0x00000000f9280000, 0x0000000100000000)
  eden space 34304K, 99% used [0x00000000f5580000,0x00000000f76ffff8,0x00000000f7700000)
  from space 12800K, 0% used [0x00000000f8400000,0x00000000f8400000,0x00000000f9080000)
  to   space 12800K, 0% used [0x00000000f7700000,0x00000000f7700000,0x00000000f8380000)
 ParOldGen       total 349696K, used 349695K [0x00000000e0000000, 0x00000000f5580000, 0x00000000f5580000)
  object space 349696K, 99% used [0x00000000e0000000,0x00000000f557ffc0,0x00000000f5580000)
 Metaspace       used 52085K, committed 52992K, reserved 1097728K
  class space    used 5201K, committed 5568K, reserved 1048576K
}
Event: 1151.104 GC heap after
{Heap after GC invocations=657 (full 550):
 PSYoungGen      total 47104K, used 34303K [0x00000000f5580000, 0x00000000f9280000, 0x0000000100000000)
  eden space 34304K, 99% used [0x00000000f5580000,0x00000000f76ffff8,0x00000000f7700000)
  from space 12800K, 0% used [0x00000000f7700000,0x00000000f7700000,0x00000000f8380000)
  to   space 12800K, 0% used [0x00000000f8400000,0x00000000f8400000,0x00000000f9080000)
 ParOldGen       total 349696K, used 349695K [0x00000000e0000000, 0x00000000f5580000, 0x00000000f5580000)
  object space 349696K, 99% used [0x00000000e0000000,0x00000000f557ffc0,0x00000000f5580000)
 Metaspace       used 52085K, committed 52992K, reserved 1097728K
  class space    used 5201K, committed 5568K, reserved 1048576K
}
Event: 1151.105 GC heap before
{Heap before GC invocations=658 (full 551):
 PSYoungGen      total 47104K, used 34303K [0x00000000f5580000, 0x00000000f9280000, 0x0000000100000000)
  eden space 34304K, 99% used [0x00000000f5580000,0x00000000f76ffff8,0x00000000f7700000)
  from space 12800K, 0% used [0x00000000f7700000,0x00000000f7700000,0x00000000f8380000)
  to   space 12800K, 0% used [0x00000000f8400000,0x00000000f8400000,0x00000000f9080000)
 ParOldGen       total 349696K, used 349695K [0x00000000e0000000, 0x00000000f5580000, 0x00000000f5580000)
  object space 349696K, 99% used [0x00000000e0000000,0x00000000f557fff0,0x00000000f5580000)
 Metaspace       used 52085K, committed 52992K, reserved 1097728K
  class space    used 5201K, committed 5568K, reserved 1048576K
}
Event: 1153.190 GC heap after
{Heap after GC invocations=658 (full 551):
 PSYoungGen      total 47104K, used 34303K [0x00000000f5580000, 0x00000000f9280000, 0x0000000100000000)
  eden space 34304K, 99% used [0x00000000f5580000,0x00000000f76ffff8,0x00000000f7700000)
  from space 12800K, 0% used [0x00000000f8400000,0x00000000f8400000,0x00000000f9080000)
  to   space 12800K, 0% used [0x00000000f7700000,0x00000000f7700000,0x00000000f8380000)
 ParOldGen       total 349696K, used 349695K [0x00000000e0000000, 0x00000000f5580000, 0x00000000f5580000)
  object space 349696K, 99% used [0x00000000e0000000,0x00000000f557ffd0,0x00000000f5580000)
 Metaspace       used 52085K, committed 52992K, reserved 1097728K
  class space    used 5201K, committed 5568K, reserved 1048576K
}
Event: 1153.190 GC heap before
{Heap before GC invocations=659 (full 552):
 PSYoungGen      total 47104K, used 34303K [0x00000000f5580000, 0x00000000f9280000, 0x0000000100000000)
  eden space 34304K, 99% used [0x00000000f5580000,0x00000000f76ffff8,0x00000000f7700000)
  from space 12800K, 0% used [0x00000000f8400000,0x00000000f8400000,0x00000000f9080000)
  to   space 12800K, 0% used [0x00000000f7700000,0x00000000f7700000,0x00000000f8380000)
 ParOldGen       total 349696K, used 349696K [0x00000000e0000000, 0x00000000f5580000, 0x00000000f5580000)
  object space 349696K, 100% used [0x00000000e0000000,0x00000000f5580000,0x00000000f5580000)
 Metaspace       used 52085K, committed 52992K, reserved 1097728K
  class space    used 5201K, committed 5568K, reserved 1048576K
}
Event: 1154.982 GC heap after
{Heap after GC invocations=659 (full 552):
 PSYoungGen      total 47104K, used 34303K [0x00000000f5580000, 0x00000000f9280000, 0x0000000100000000)
  eden space 34304K, 99% used [0x00000000f5580000,0x00000000f76ffff8,0x00000000f7700000)
  from space 12800K, 0% used [0x00000000f7700000,0x00000000f7700000,0x00000000f8380000)
  to   space 12800K, 0% used [0x00000000f8400000,0x00000000f8400000,0x00000000f9080000)
 ParOldGen       total 349696K, used 349696K [0x00000000e0000000, 0x00000000f5580000, 0x00000000f5580000)
  object space 349696K, 100% used [0x00000000e0000000,0x00000000f5580000,0x00000000f5580000)
 Metaspace       used 52085K, committed 52992K, reserved 1097728K
  class space    used 5201K, committed 5568K, reserved 1048576K
}
Event: 1154.982 GC heap before
{Heap before GC invocations=660 (full 553):
 PSYoungGen      total 47104K, used 34303K [0x00000000f5580000, 0x00000000f9280000, 0x0000000100000000)
  eden space 34304K, 99% used [0x00000000f5580000,0x00000000f76ffff8,0x00000000f7700000)
  from space 12800K, 0% used [0x00000000f7700000,0x00000000f7700000,0x00000000f8380000)
  to   space 12800K, 0% used [0x00000000f8400000,0x00000000f8400000,0x00000000f9080000)
 ParOldGen       total 349696K, used 349696K [0x00000000e0000000, 0x00000000f5580000, 0x00000000f5580000)
  object space 349696K, 100% used [0x00000000e0000000,0x00000000f5580000,0x00000000f5580000)
 Metaspace       used 52085K, committed 52992K, reserved 1097728K
  class space    used 5201K, committed 5568K, reserved 1048576K
}
Event: 1156.799 GC heap after
{Heap after GC invocations=660 (full 553):
 PSYoungGen      total 47104K, used 34303K [0x00000000f5580000, 0x00000000f9280000, 0x0000000100000000)
  eden space 34304K, 99% used [0x00000000f5580000,0x00000000f76ffff8,0x00000000f7700000)
  from space 12800K, 0% used [0x00000000f8400000,0x00000000f8400000,0x00000000f9080000)
  to   space 12800K, 0% used [0x00000000f7700000,0x00000000f7700000,0x00000000f8380000)
 ParOldGen       total 349696K, used 349696K [0x00000000e0000000, 0x00000000f5580000, 0x00000000f5580000)
  object space 349696K, 100% used [0x00000000e0000000,0x00000000f5580000,0x00000000f5580000)
 Metaspace       used 52085K, committed 52992K, reserved 1097728K
  class space    used 5201K, committed 5568K, reserved 1048576K
}
Event: 1156.799 GC heap before
{Heap before GC invocations=661 (full 554):
 PSYoungGen      total 47104K, used 34303K [0x00000000f5580000, 0x00000000f9280000, 0x0000000100000000)
  eden space 34304K, 99% used [0x00000000f5580000,0x00000000f76ffff8,0x00000000f7700000)
  from space 12800K, 0% used [0x00000000f8400000,0x00000000f8400000,0x00000000f9080000)
  to   space 12800K, 0% used [0x00000000f7700000,0x00000000f7700000,0x00000000f8380000)
 ParOldGen       total 349696K, used 349696K [0x00000000e0000000, 0x00000000f5580000, 0x00000000f5580000)
  object space 349696K, 100% used [0x00000000e0000000,0x00000000f5580000,0x00000000f5580000)
 Metaspace       used 52085K, committed 52992K, reserved 1097728K
  class space    used 5201K, committed 5568K, reserved 1048576K
}
Event: 1158.784 GC heap after
{Heap after GC invocations=661 (full 554):
 PSYoungGen      total 47104K, used 34303K [0x00000000f5580000, 0x00000000f9280000, 0x0000000100000000)
  eden space 34304K, 99% used [0x00000000f5580000,0x00000000f76ffff8,0x00000000f7700000)
  from space 12800K, 0% used [0x00000000f7700000,0x00000000f7700000,0x00000000f8380000)
  to   space 12800K, 0% used [0x00000000f8400000,0x00000000f8400000,0x00000000f9080000)
 ParOldGen       total 349696K, used 349694K [0x00000000e0000000, 0x00000000f5580000, 0x00000000f5580000)
  object space 349696K, 99% used [0x00000000e0000000,0x00000000f557fa60,0x00000000f5580000)
 Metaspace       used 52085K, committed 52992K, reserved 1097728K
  class space    used 5201K, committed 5568K, reserved 1048576K
}
Event: 1158.784 GC heap before
{Heap before GC invocations=662 (full 555):
 PSYoungGen      total 47104K, used 34303K [0x00000000f5580000, 0x00000000f9280000, 0x0000000100000000)
  eden space 34304K, 99% used [0x00000000f5580000,0x00000000f76ffff8,0x00000000f7700000)
  from space 12800K, 0% used [0x00000000f7700000,0x00000000f7700000,0x00000000f8380000)
  to   space 12800K, 0% used [0x00000000f8400000,0x00000000f8400000,0x00000000f9080000)
 ParOldGen       total 349696K, used 349695K [0x00000000e0000000, 0x00000000f5580000, 0x00000000f5580000)
  object space 349696K, 99% used [0x00000000e0000000,0x00000000f557fc90,0x00000000f5580000)
 Metaspace       used 52085K, committed 52992K, reserved 1097728K
  class space    used 5201K, committed 5568K, reserved 1048576K
}
Event: 1160.604 GC heap after
{Heap after GC invocations=662 (full 555):
 PSYoungGen      total 47104K, used 34303K [0x00000000f5580000, 0x00000000f9280000, 0x0000000100000000)
  eden space 34304K, 99% used [0x00000000f5580000,0x00000000f76ffff8,0x00000000f7700000)
  from space 12800K, 0% used [0x00000000f8400000,0x00000000f8400000,0x00000000f9080000)
  to   space 12800K, 0% used [0x00000000f7700000,0x00000000f7700000,0x00000000f8380000)
 ParOldGen       total 349696K, used 349694K [0x00000000e0000000, 0x00000000f5580000, 0x00000000f5580000)
  object space 349696K, 99% used [0x00000000e0000000,0x00000000f557fa80,0x00000000f5580000)
 Metaspace       used 52085K, committed 52992K, reserved 1097728K
  class space    used 5201K, committed 5568K, reserved 1048576K
}
Event: 1160.604 GC heap before
{Heap before GC invocations=663 (full 556):
 PSYoungGen      total 47104K, used 34303K [0x00000000f5580000, 0x00000000f9280000, 0x0000000100000000)
  eden space 34304K, 99% used [0x00000000f5580000,0x00000000f76ffff8,0x00000000f7700000)
  from space 12800K, 0% used [0x00000000f8400000,0x00000000f8400000,0x00000000f9080000)
  to   space 12800K, 0% used [0x00000000f7700000,0x00000000f7700000,0x00000000f8380000)
 ParOldGen       total 349696K, used 349694K [0x00000000e0000000, 0x00000000f5580000, 0x00000000f5580000)
  object space 349696K, 99% used [0x00000000e0000000,0x00000000f557fa80,0x00000000f5580000)
 Metaspace       used 52085K, committed 52992K, reserved 1097728K
  class space    used 5201K, committed 5568K, reserved 1048576K
}
Event: 1162.484 GC heap after
{Heap after GC invocations=663 (full 556):
 PSYoungGen      total 47104K, used 34303K [0x00000000f5580000, 0x00000000f9280000, 0x0000000100000000)
  eden space 34304K, 99% used [0x00000000f5580000,0x00000000f76ffff8,0x00000000f7700000)
  from space 12800K, 0% used [0x00000000f7700000,0x00000000f7700000,0x00000000f8380000)
  to   space 12800K, 0% used [0x00000000f8400000,0x00000000f8400000,0x00000000f9080000)
 ParOldGen       total 349696K, used 349694K [0x00000000e0000000, 0x00000000f5580000, 0x00000000f5580000)
  object space 349696K, 99% used [0x00000000e0000000,0x00000000f557fa80,0x00000000f5580000)
 Metaspace       used 52085K, committed 52992K, reserved 1097728K
  class space    used 5201K, committed 5568K, reserved 1048576K
}

