# JRE version: OpenJDK Runtime Environment GraalVM CE 22.3.0 (17.0.5+8) (build 17.0.5+8-jvmci-22.3-b08)
# Java VM: OpenJDK 64-Bit Server VM GraalVM CE 22.3.0 (17.0.5+8-jvmci-22.3-b08, mixed mode, sharing, tiered, jvmci, jvmci compiler, compressed oops, compressed class ptrs, parallel gc, linux-amd64)
GC Precious Log:
 CPUs: 8 total, 2 available
 Memory: 3215M
 Large Page Support: Disabled
 NUMA Support: Disabled
 Compressed Oops: Enabled (32-bit)
 Alignments: Space 512K, Generation 512K, Heap 2M
 Heap Min Capacity: 100M
 Heap Initial Capacity: 100M
 Heap Max Capacity: 512M
 Pre-touch: Disabled
 Parallel Workers: 2
Heap:
 PSYoungGen      total 92672K, used 41983K [0x00000000f5580000, 0x00000000fe300000, 0x0000000100000000)
  eden space 41984K, 99% used [0x00000000f5580000,0x00000000f7e7fff8,0x00000000f7e80000)
  from space 50688K, 0% used [0x00000000f7e80000,0x00000000f7e80000,0x00000000fb000000)
  to   space 25600K, 0% used [0x00000000fb000000,0x00000000fb000000,0x00000000fc900000)
 ParOldGen       total 349696K, used 349694K [0x00000000e0000000, 0x00000000f5580000, 0x00000000f5580000)
  object space 349696K, 99% used [0x00000000e0000000,0x00000000f557fa58,0x00000000f5580000)
 Metaspace       used 57716K, committed 58880K, reserved 1105920K
  class space    used 5659K, committed 6144K, reserved 1048576K
GC Heap History (20 events):
Event: 986.194 GC heap before
{Heap before GC invocations=1555 (full 1491):
 PSYoungGen      total 92672K, used 41983K [0x00000000f5580000, 0x00000000fe300000, 0x0000000100000000)
  eden space 41984K, 99% used [0x00000000f5580000,0x00000000f7e7fff0,0x00000000f7e80000)
  from space 50688K, 0% used [0x00000000f7e80000,0x00000000f7e80000,0x00000000fb000000)
  to   space 25600K, 0% used [0x00000000fb000000,0x00000000fb000000,0x00000000fc900000)
 ParOldGen       total 349696K, used 349695K [0x00000000e0000000, 0x00000000f5580000, 0x00000000f5580000)
  object space 349696K, 99% used [0x00000000e0000000,0x00000000f557fea0,0x00000000f5580000)
 Metaspace       used 57716K, committed 58880K, reserved 1105920K
  class space    used 5659K, committed 6144K, reserved 1048576K
}
Event: 986.748 GC heap after
{Heap after GC invocations=1555 (full 1491):
 PSYoungGen      total 67584K, used 41983K [0x00000000f5580000, 0x00000000fe300000, 0x0000000100000000)
  eden space 41984K, 99% used [0x00000000f5580000,0x00000000f7e7fff0,0x00000000f7e80000)
  from space 25600K, 0% used [0x00000000fb000000,0x00000000fb000000,0x00000000fc900000)
  to   space 50688K, 0% used [0x00000000f7e80000,0x00000000f7e80000,0x00000000fb000000)
 ParOldGen       total 349696K, used 349693K [0x00000000e0000000, 0x00000000f5580000, 0x00000000f5580000)
  object space 349696K, 99% used [0x00000000e0000000,0x00000000f557f670,0x00000000f5580000)
 Metaspace       used 57716K, committed 58880K, reserved 1105920K
  class space    used 5659K, committed 6144K, reserved 1048576K
}
Event: 986.748 GC heap before
{Heap before GC invocations=1556 (full 1492):
 PSYoungGen      total 67584K, used 41983K [0x00000000f5580000, 0x00000000fe300000, 0x0000000100000000)
  eden space 41984K, 99% used [0x00000000f5580000,0x00000000f7e7fff0,0x00000000f7e80000)
  from space 25600K, 0% used [0x00000000fb000000,0x00000000fb000000,0x00000000fc900000)
  to   space 50688K, 0% used [0x00000000f7e80000,0x00000000f7e80000,0x00000000fb000000)
 ParOldGen       total 349696K, used 349695K [0x00000000e0000000, 0x00000000f5580000, 0x00000000f5580000)
  object space 349696K, 99% used [0x00000000e0000000,0x00000000f557ff58,0x00000000f5580000)
 Metaspace       used 57716K, committed 58880K, reserved 1105920K
  class space    used 5659K, committed 6144K, reserved 1048576K
}
Event: 987.297 GC heap after
{Heap after GC invocations=1556 (full 1492):
 PSYoungGen      total 92672K, used 41983K [0x00000000f5580000, 0x00000000fe300000, 0x0000000100000000)
  eden space 41984K, 99% used [0x00000000f5580000,0x00000000f7e7ffb8,0x00000000f7e80000)
  from space 50688K, 0% used [0x00000000f7e80000,0x00000000f7e80000,0x00000000fb000000)
  to   space 25600K, 0% used [0x00000000fb000000,0x00000000fb000000,0x00000000fc900000)
 ParOldGen       total 349696K, used 349695K [0x00000000e0000000, 0x00000000f5580000, 0x00000000f5580000)
  object space 349696K, 99% used [0x00000000e0000000,0x00000000f557ff58,0x00000000f5580000)
 Metaspace       used 57716K, committed 58880K, reserved 1105920K
  class space    used 5659K, committed 6144K, reserved 1048576K
}
Event: 987.297 GC heap before
{Heap before GC invocations=1557 (full 1493):
 PSYoungGen      total 92672K, used 41983K [0x00000000f5580000, 0x00000000fe300000, 0x0000000100000000)
  eden space 41984K, 99% used [0x00000000f5580000,0x00000000f7e7fff8,0x00000000f7e80000)
  from space 50688K, 0% used [0x00000000f7e80000,0x00000000f7e80000,0x00000000fb000000)
  to   space 25600K, 0% used [0x00000000fb000000,0x00000000fb000000,0x00000000fc900000)
 ParOldGen       total 349696K, used 349695K [0x00000000e0000000, 0x00000000f5580000, 0x00000000f5580000)
  object space 349696K, 99% used [0x00000000e0000000,0x00000000f557ff58,0x00000000f5580000)
 Metaspace       used 57716K, committed 58880K, reserved 1105920K
  class space    used 5659K, committed 6144K, reserved 1048576K
}
Event: 987.778 GC heap after
{Heap after GC invocations=1557 (full 1493):
 PSYoungGen      total 67584K, used 41983K [0x00000000f5580000, 0x00000000fe300000, 0x0000000100000000)
  eden space 41984K, 99% used [0x00000000f5580000,0x00000000f7e7fff8,0x00000000f7e80000)
  from space 25600K, 0% used [0x00000000fb000000,0x00000000fb000000,0x00000000fc900000)
  to   space 50688K, 0% used [0x00000000f7e80000,0x00000000f7e80000,0x00000000fb000000)
 ParOldGen       total 349696K, used 349695K [0x00000000e0000000, 0x00000000f5580000, 0x00000000f5580000)
  object space 349696K, 99% used [0x00000000e0000000,0x00000000f557ff58,0x00000000f5580000)
 Metaspace       used 57716K, committed 58880K, reserved 1105920K
  class space    used 5659K, committed 6144K, reserved 1048576K
}
Event: 987.779 GC heap before
{Heap before GC invocations=1558 (full 1494):
 PSYoungGen      total 67584K, used 41983K [0x00000000f5580000, 0x00000000fe300000, 0x0000000100000000)
  eden space 41984K, 99% used [0x00000000f5580000,0x00000000f7e7fff8,0x00000000f7e80000)
  from space 25600K, 0% used [0x00000000fb000000,0x00000000fb000000,0x00000000fc900000)
  to   space 50688K, 0% used [0x00000000f7e80000,0x00000000f7e80000,0x00000000fb000000)
 ParOldGen       total 349696K, used 349695K [0x00000000e0000000, 0x00000000f5580000, 0x00000000f5580000)
  object space 349696K, 99% used [0x00000000e0000000,0x00000000f557fff8,0x00000000f5580000)
 Metaspace       used 57716K, committed 58880K, reserved 1105920K
  class space    used 5659K, committed 6144K, reserved 1048576K
}
Event: 988.320 GC heap after
{Heap after GC invocations=1558 (full 1494):
 PSYoungGen      total 92672K, used 41983K [0x00000000f5580000, 0x00000000fe300000, 0x0000000100000000)
  eden space 41984K, 99% used [0x00000000f5580000,0x00000000f7e7ffd8,0x00000000f7e80000)
  from space 50688K, 0% used [0x00000000f7e80000,0x00000000f7e80000,0x00000000fb000000)
  to   space 25600K, 0% used [0x00000000fb000000,0x00000000fb000000,0x00000000fc900000)
 ParOldGen       total 349696K, used 349695K [0x00000000e0000000, 0x00000000f5580000, 0x00000000f5580000)
  object space 349696K, 99% used [0x00000000e0000000,0x00000000f557fff8,0x00000000f5580000)
 Metaspace       used 57716K, committed 58880K, reserved 1105920K
  class space    used 5659K, committed 6144K, reserved 1048576K
}
Event: 988.320 GC heap before
{Heap before GC invocations=1559 (full 1495):
 PSYoungGen      total 92672K, used 41983K [0x00000000f5580000, 0x00000000fe300000, 0x0000000100000000)
  eden space 41984K, 99% used [0x00000000f5580000,0x00000000f7e7fff8,0x00000000f7e80000)
  from space 50688K, 0% used [0x00000000f7e80000,0x00000000f7e80000,0x00000000fb000000)
  to   space 25600K, 0% used [0x00000000fb000000,0x00000000fb000000,0x00000000fc900000)
 ParOldGen       total 349696K, used 349695K [0x00000000e0000000, 0x00000000f5580000, 0x00000000f5580000)
  object space 349696K, 99% used [0x00000000e0000000,0x00000000f557fff8,0x00000000f5580000)
 Metaspace       used 57716K, committed 58880K, reserved 1105920K
  class space    used 5659K, committed 6144K, reserved 1048576K
}
Event: 988.880 GC heap after
{Heap after GC invocations=1559 (full 1495):
 PSYoungGen      total 67584K, used 41983K [0x00000000f5580000, 0x00000000fe300000, 0x0000000100000000)
  eden space 41984K, 99% used [0x00000000f5580000,0x00000000f7e7fff8,0x00000000f7e80000)
  from space 25600K, 0% used [0x00000000fb000000,0x00000000fb000000,0x00000000fc900000)
  to   space 50688K, 0% used [0x00000000f7e80000,0x00000000f7e80000,0x00000000fb000000)
 ParOldGen       total 349696K, used 349695K [0x00000000e0000000, 0x00000000f5580000, 0x00000000f5580000)
  object space 349696K, 99% used [0x00000000e0000000,0x00000000f557fff8,0x00000000f5580000)
 Metaspace       used 57716K, committed 58880K, reserved 1105920K
  class space    used 5659K, committed 6144K, reserved 1048576K
}
Event: 988.880 GC heap before
{Heap before GC invocations=1560 (full 1496):
 PSYoungGen      total 67584K, used 41983K [0x00000000f5580000, 0x00000000fe300000, 0x0000000100000000)
  eden space 41984K, 99% used [0x00000000f5580000,0x00000000f7e7fff8,0x00000000f7e80000)
  from space 25600K, 0% used [0x00000000fb000000,0x00000000fb000000,0x00000000fc900000)
  to   space 50688K, 0% used [0x00000000f7e80000,0x00000000f7e80000,0x00000000fb000000)
 ParOldGen       total 349696K, used 349695K [0x00000000e0000000, 0x00000000f5580000, 0x00000000f5580000)
  object space 349696K, 99% used [0x00000000e0000000,0x00000000f557fff8,0x00000000f5580000)
 Metaspace       used 57716K, committed 58880K, reserved 1105920K
  class space    used 5659K, committed 6144K, reserved 1048576K
}
Event: 989.426 GC heap after
{Heap after GC invocations=1560 (full 1496):
 PSYoungGen      total 92672K, used 41983K [0x00000000f5580000, 0x00000000fe300000, 0x0000000100000000)
  eden space 41984K, 99% used [0x00000000f5580000,0x00000000f7e7fff8,0x00000000f7e80000)
  from space 50688K, 0% used [0x00000000f7e80000,0x00000000f7e80000,0x00000000fb000000)
  to   space 25600K, 0% used [0x00000000fb000000,0x00000000fb000000,0x00000000fc900000)
 ParOldGen       total 349696K, used 349695K [0x00000000e0000000, 0x00000000f5580000, 0x00000000f5580000)
  object space 349696K, 99% used [0x00000000e0000000,0x00000000f557fff8,0x00000000f5580000)
 Metaspace       used 57716K, committed 58880K, reserved 1105920K
  class space    used 5659K, committed 6144K, reserved 1048576K
}
Event: 989.427 GC heap before
{Heap before GC invocations=1561 (full 1497):
 PSYoungGen      total 92672K, used 41983K [0x00000000f5580000, 0x00000000fe300000, 0x0000000100000000)
  eden space 41984K, 99% used [0x00000000f5580000,0x00000000f7e7fff8,0x00000000f7e80000)
  from space 50688K, 0% used [0x00000000f7e80000,0x00000000f7e80000,0x00000000fb000000)
  to   space 25600K, 0% used [0x00000000fb000000,0x00000000fb000000,0x00000000fc900000)
 ParOldGen       total 349696K, used 349695K [0x00000000e0000000, 0x00000000f5580000, 0x00000000f5580000)
  object space 349696K, 99% used [0x00000000e0000000,0x00000000f557fff8,0x00000000f5580000)
 Metaspace       used 57716K, committed 58880K, reserved 1105920K
  class space    used 5659K, committed 6144K, reserved 1048576K
}
Event: 989.959 GC heap after
{Heap after GC invocations=1561 (full 1497):
 PSYoungGen      total 67584K, used 41983K [0x00000000f5580000, 0x00000000fe300000, 0x0000000100000000)
  eden space 41984K, 99% used [0x00000000f5580000,0x00000000f7e7fee8,0x00000000f7e80000)
  from space 25600K, 0% used [0x00000000fb000000,0x00000000fb000000,0x00000000fc900000)
  to   space 50688K, 0% used [0x00000000f7e80000,0x00000000f7e80000,0x00000000fb000000)
 ParOldGen       total 349696K, used 349693K [0x00000000e0000000, 0x00000000f5580000, 0x00000000f5580000)
  object space 349696K, 99% used [0x00000000e0000000,0x00000000f557f710,0x00000000f5580000)
 Metaspace       used 57716K, committed 58880K, reserved 1105920K
  class space    used 5659K, committed 6144K, reserved 1048576K
}
Event: 989.959 GC heap before
{Heap before GC invocations=1562 (full 1498):
 PSYoungGen      total 67584K, used 41983K [0x00000000f5580000, 0x00000000fe300000, 0x0000000100000000)
  eden space 41984K, 99% used [0x00000000f5580000,0x00000000f7e7fff0,0x00000000f7e80000)
  from space 25600K, 0% used [0x00000000fb000000,0x00000000fb000000,0x00000000fc900000)
  to   space 50688K, 0% used [0x00000000f7e80000,0x00000000f7e80000,0x00000000fb000000)
 ParOldGen       total 349696K, used 349693K [0x00000000e0000000, 0x00000000f5580000, 0x00000000f5580000)
  object space 349696K, 99% used [0x00000000e0000000,0x00000000f557f710,0x00000000f5580000)
 Metaspace       used 57716K, committed 58880K, reserved 1105920K
  class space    used 5659K, committed 6144K, reserved 1048576K
}
Event: 990.505 GC heap after
{Heap after GC invocations=1562 (full 1498):
 PSYoungGen      total 92672K, used 41983K [0x00000000f5580000, 0x00000000fe300000, 0x0000000100000000)
  eden space 41984K, 99% used [0x00000000f5580000,0x00000000f7e7ffb8,0x00000000f7e80000)
  from space 50688K, 0% used [0x00000000f7e80000,0x00000000f7e80000,0x00000000fb000000)
  to   space 25600K, 0% used [0x00000000fb000000,0x00000000fb000000,0x00000000fc900000)
 ParOldGen       total 349696K, used 349693K [0x00000000e0000000, 0x00000000f5580000, 0x00000000f5580000)
  object space 349696K, 99% used [0x00000000e0000000,0x00000000f557f680,0x00000000f5580000)
 Metaspace       used 57716K, committed 58880K, reserved 1105920K
  class space    used 5659K, committed 6144K, reserved 1048576K
}
Event: 990.505 GC heap before
{Heap before GC invocations=1563 (full 1499):
 PSYoungGen      total 92672K, used 41983K [0x00000000f5580000, 0x00000000fe300000, 0x0000000100000000)
  eden space 41984K, 99% used [0x00000000f5580000,0x00000000f7e7fff8,0x00000000f7e80000)
  from space 50688K, 0% used [0x00000000f7e80000,0x00000000f7e80000,0x00000000fb000000)
  to   space 25600K, 0% used [0x00000000fb000000,0x00000000fb000000,0x00000000fc900000)
 ParOldGen       total 349696K, used 349695K [0x00000000e0000000, 0x00000000f5580000, 0x00000000f5580000)
  object space 349696K, 99% used [0x00000000e0000000,0x00000000f557fe40,0x00000000f5580000)
 Metaspace       used 57716K, committed 58880K, reserved 1105920K
  class space    used 5659K, committed 6144K, reserved 1048576K
}
Event: 991.121 GC heap after
{Heap after GC invocations=1563 (full 1499):
 PSYoungGen      total 67584K, used 41983K [0x00000000f5580000, 0x00000000fe300000, 0x0000000100000000)
  eden space 41984K, 99% used [0x00000000f5580000,0x00000000f7e7ff10,0x00000000f7e80000)
  from space 25600K, 0% used [0x00000000fb000000,0x00000000fb000000,0x00000000fc900000)
  to   space 50688K, 0% used [0x00000000f7e80000,0x00000000f7e80000,0x00000000fb000000)
 ParOldGen       total 349696K, used 349694K [0x00000000e0000000, 0x00000000f5580000, 0x00000000f5580000)
  object space 349696K, 99% used [0x00000000e0000000,0x00000000f557f958,0x00000000f5580000)
 Metaspace       used 57716K, committed 58880K, reserved 1105920K
  class space    used 5659K, committed 6144K, reserved 1048576K
}
Event: 991.121 GC heap before
{Heap before GC invocations=1564 (full 1500):
 PSYoungGen      total 67584K, used 41983K [0x00000000f5580000, 0x00000000fe300000, 0x0000000100000000)
  eden space 41984K, 99% used [0x00000000f5580000,0x00000000f7e7ff10,0x00000000f7e80000)
  from space 25600K, 0% used [0x00000000fb000000,0x00000000fb000000,0x00000000fc900000)
  to   space 50688K, 0% used [0x00000000f7e80000,0x00000000f7e80000,0x00000000fb000000)
 ParOldGen       total 349696K, used 349694K [0x00000000e0000000, 0x00000000f5580000, 0x00000000f5580000)
  object space 349696K, 99% used [0x00000000e0000000,0x00000000f557f958,0x00000000f5580000)
 Metaspace       used 57716K, committed 58880K, reserved 1105920K
  class space    used 5659K, committed 6144K, reserved 1048576K
}
Event: 991.662 GC heap after
{Heap after GC invocations=1564 (full 1500):
 PSYoungGen      total 92672K, used 41983K [0x00000000f5580000, 0x00000000fe300000, 0x0000000100000000)
  eden space 41984K, 99% used [0x00000000f5580000,0x00000000f7e7ff10,0x00000000f7e80000)
  from space 50688K, 0% used [0x00000000f7e80000,0x00000000f7e80000,0x00000000fb000000)
  to   space 25600K, 0% used [0x00000000fb000000,0x00000000fb000000,0x00000000fc900000)
 ParOldGen       total 349696K, used 349694K [0x00000000e0000000, 0x00000000f5580000, 0x00000000f5580000)
  object space 349696K, 99% used [0x00000000e0000000,0x00000000f557f958,0x00000000f5580000)
 Metaspace       used 57716K, committed 58880K, reserved 1105920K
  class space    used 5659K, committed 6144K, reserved 1048576K
}

